<?xml version="1.0" encoding="UTF-8"?>
<!-- Generated by org.testng.reporters.JUnitReportReporter -->
<testsuite hostname="DESKTOP-FBLO2R3" failures="0" tests="3" name="org.testngcrossbrowser.CrossBrowserTesting" time="34.691" errors="0" timestamp="2025-06-04T18:12:03 IST" skipped="0">
  <testcase classname="org.testngcrossbrowser.CrossBrowserTesting" name="edgeBrowser" time="15.482"/>
  <testcase classname="org.testngcrossbrowser.CrossBrowserTesting" name="fireFoxBrowser" time="13.257"/>
  <testcase classname="org.testngcrossbrowser.CrossBrowserTesting" name="chromeBrowser" time="5.952"/>
</testsuite> <!-- org.testngcrossbrowser.CrossBrowserTesting -->
